<?xml version="1.0" encoding="UTF-8"?>
<!-- Generated by org.testng.reporters.JUnitReportReporter -->
<testsuite skipped="0" hostname="DESKTOP-TMTHDL1" name="TestCalculateMonthlyIncomeWithoutData" tests="1" failures="0" timestamp="2022-01-07T11:53:05 CET" time="2.134" errors="0">
  <testcase name="testCalculateWithoutData" time="2.134" classname="TestCalculateMonthlyIncomeWithoutData"/>
</testsuite> <!-- TestCalculateMonthlyIncomeWithoutData -->
